c:\users\edayo\downloads\4y2t\stdiscm\particlesimulator-cpp\problem-set3\problem-set3\client1\x64\debug\vc143.pdb
c:\users\edayo\downloads\4y2t\stdiscm\particlesimulator-cpp\problem-set3\problem-set3\client1\x64\debug\vc143.idb
c:\users\edayo\downloads\4y2t\stdiscm\particlesimulator-cpp\problem-set3\problem-set3\client1\x64\debug\imgui-sfml.obj
c:\users\edayo\downloads\4y2t\stdiscm\particlesimulator-cpp\problem-set3\problem-set3\client1\x64\debug\imgui_widgets.obj
c:\users\edayo\downloads\4y2t\stdiscm\particlesimulator-cpp\problem-set3\problem-set3\client1\x64\debug\imgui_tables.obj
c:\users\edayo\downloads\4y2t\stdiscm\particlesimulator-cpp\problem-set3\problem-set3\client1\x64\debug\imgui_draw.obj
c:\users\edayo\downloads\4y2t\stdiscm\particlesimulator-cpp\problem-set3\problem-set3\client1\x64\debug\imgui_demo.obj
c:\users\edayo\downloads\4y2t\stdiscm\particlesimulator-cpp\problem-set3\problem-set3\client1\x64\debug\imgui.obj
c:\users\edayo\downloads\4y2t\stdiscm\particlesimulator-cpp\problem-set3\problem-set3\client2\x64\debug\vc143.pdb
c:\users\edayo\downloads\4y2t\stdiscm\particlesimulator-cpp\problem-set3\problem-set3\client2\x64\debug\vc143.idb
c:\users\edayo\downloads\4y2t\stdiscm\particlesimulator-cpp\problem-set3\problem-set3\client2\x64\debug\client2.obj
c:\users\edayo\downloads\4y2t\stdiscm\particlesimulator-cpp\problem-set3\problem-set3\x64\debug\client1.exe
c:\users\edayo\downloads\4y2t\stdiscm\particlesimulator-cpp\problem-set3\problem-set3\client1\x64\debug\client1.ilk
c:\users\edayo\downloads\4y2t\stdiscm\particlesimulator-cpp\problem-set3\problem-set3\x64\debug\client1.pdb
c:\users\edayo\downloads\4y2t\stdiscm\particlesimulator-cpp\problem-set3\problem-set3\x64\debug\client2.exe
c:\users\edayo\downloads\4y2t\stdiscm\particlesimulator-cpp\problem-set3\problem-set3\client2\x64\debug\client2.ilk
c:\users\edayo\downloads\4y2t\stdiscm\particlesimulator-cpp\problem-set3\problem-set3\x64\debug\client2.pdb
c:\users\edayo\downloads\4y2t\stdiscm\particlesimulator-cpp\problem-set3\problem-set3\client2\x64\debug\imgui-sfml.obj
c:\users\edayo\downloads\4y2t\stdiscm\particlesimulator-cpp\problem-set3\problem-set3\client2\x64\debug\imgui.obj
c:\users\edayo\downloads\4y2t\stdiscm\particlesimulator-cpp\problem-set3\problem-set3\client2\x64\debug\imgui_demo.obj
c:\users\edayo\downloads\4y2t\stdiscm\particlesimulator-cpp\problem-set3\problem-set3\client2\x64\debug\imgui_draw.obj
c:\users\edayo\downloads\4y2t\stdiscm\particlesimulator-cpp\problem-set3\problem-set3\client2\x64\debug\imgui_tables.obj
c:\users\edayo\downloads\4y2t\stdiscm\particlesimulator-cpp\problem-set3\problem-set3\client2\x64\debug\imgui_widgets.obj
c:\users\edayo\downloads\4y2t\stdiscm\particlesimulator-cpp\problem-set3\problem-set3\client2\x64\debug\client2.tlog\cl.command.1.tlog
c:\users\edayo\downloads\4y2t\stdiscm\particlesimulator-cpp\problem-set3\problem-set3\client2\x64\debug\client2.tlog\cl.items.tlog
c:\users\edayo\downloads\4y2t\stdiscm\particlesimulator-cpp\problem-set3\problem-set3\client2\x64\debug\client2.tlog\cl.read.1.tlog
c:\users\edayo\downloads\4y2t\stdiscm\particlesimulator-cpp\problem-set3\problem-set3\client2\x64\debug\client2.tlog\cl.write.1.tlog
c:\users\edayo\downloads\4y2t\stdiscm\particlesimulator-cpp\problem-set3\problem-set3\client2\x64\debug\client2.tlog\link.command.1.tlog
c:\users\edayo\downloads\4y2t\stdiscm\particlesimulator-cpp\problem-set3\problem-set3\client2\x64\debug\client2.tlog\link.read.1.tlog
c:\users\edayo\downloads\4y2t\stdiscm\particlesimulator-cpp\problem-set3\problem-set3\client2\x64\debug\client2.tlog\link.write.1.tlog
